TN:
SF:config\database.js
FNF:0
FNH:0
DA:1,2
DA:3,2
DA:15,2
LF:3
LH:3
BRDA:4,0,0,2
BRDA:4,0,1,2
BRDA:5,1,0,2
BRDA:5,1,1,2
BRDA:6,2,0,2
BRDA:6,2,1,2
BRDA:8,3,0,2
BRDA:8,3,1,2
BRDA:9,4,0,2
BRDA:9,4,1,2
BRF:10
BRH:10
end_of_record
TN:
SF:routes\actorRoutes.js
FN:8,(anonymous_0)
FN:26,(anonymous_1)
FN:54,(anonymous_2)
FN:81,(anonymous_3)
FNF:4
FNH:4
FNDA:2,(anonymous_0)
FNDA:2,(anonymous_1)
FNDA:1,(anonymous_2)
FNDA:4,(anonymous_3)
DA:1,1
DA:2,1
DA:3,1
DA:4,1
DA:5,1
DA:8,1
DA:9,2
DA:10,2
DA:14,2
DA:15,1
DA:18,1
DA:21,0
DA:26,1
DA:27,2
DA:28,2
DA:30,2
DA:45,2
DA:46,1
DA:50,1
DA:53,1
DA:55,1
DA:56,1
DA:64,1
DA:73,1
DA:75,0
DA:76,0
DA:81,1
DA:82,4
DA:83,4
DA:85,4
DA:86,1
DA:89,3
DA:91,3
DA:92,1
DA:95,2
DA:97,2
DA:102,0
DA:103,0
DA:107,1
LF:39
LH:34
BRDA:14,0,0,1
BRDA:14,0,1,1
BRDA:45,1,0,1
BRDA:45,1,1,1
BRDA:85,2,0,1
BRDA:85,2,1,3
BRDA:85,3,0,4
BRDA:85,3,1,3
BRDA:91,4,0,1
BRDA:91,4,1,2
BRDA:95,5,0,2
BRDA:95,5,1,0
BRF:12
BRH:11
end_of_record
TN:
SF:routes\movieRoutes.js
FN:8,(anonymous_0)
FN:26,(anonymous_1)
FN:52,(anonymous_2)
FN:80,(anonymous_3)
FNF:4
FNH:4
FNDA:2,(anonymous_0)
FNDA:2,(anonymous_1)
FNDA:1,(anonymous_2)
FNDA:4,(anonymous_3)
DA:1,1
DA:2,1
DA:3,1
DA:4,1
DA:5,1
DA:8,1
DA:9,2
DA:10,2
DA:14,2
DA:15,1
DA:18,1
DA:20,0
DA:21,0
DA:26,1
DA:27,2
DA:28,2
DA:30,2
DA:43,2
DA:44,1
DA:48,1
DA:51,1
DA:53,1
DA:54,1
DA:62,1
DA:72,1
DA:74,0
DA:75,0
DA:80,1
DA:81,4
DA:82,4
DA:84,4
DA:85,1
DA:88,3
DA:90,3
DA:91,1
DA:94,2
DA:96,2
DA:101,0
DA:102,0
DA:106,1
LF:40
LH:34
BRDA:14,0,0,1
BRDA:14,0,1,1
BRDA:43,1,0,1
BRDA:43,1,1,1
BRDA:84,2,0,1
BRDA:84,2,1,3
BRDA:84,3,0,4
BRDA:84,3,1,3
BRDA:90,4,0,1
BRDA:90,4,1,2
BRDA:94,5,0,2
BRDA:94,5,1,0
BRF:12
BRH:11
end_of_record
TN:
SF:services\wikipediaService.js
FN:3,getWikipediaImage
FN:66,getMoviePoster
FN:70,getActorPhoto
FNF:3
FNH:3
FNDA:9,getWikipediaImage
FNDA:5,getMoviePoster
FNDA:4,getActorPhoto
DA:1,1
DA:4,9
DA:5,9
DA:18,7
DA:19,7
DA:20,7
DA:22,7
DA:23,1
DA:24,1
DA:30,6
DA:31,6
DA:33,6
DA:39,6
DA:40,3
DA:45,3
DA:51,2
DA:52,2
DA:53,1
DA:58,1
DA:67,5
DA:71,4
DA:74,1
LF:22
LH:22
BRDA:22,0,0,1
BRDA:22,0,1,6
BRDA:30,1,0,6
BRDA:30,1,1,2
BRDA:31,2,0,6
BRDA:31,2,1,2
BRDA:39,3,0,3
BRDA:39,3,1,3
BRDA:52,4,0,1
BRDA:52,4,1,1
BRF:10
BRH:10
end_of_record
